<?xml version="1.0" encoding="UTF-8"?>
<testsuite xmlns:xsi="http://www.w3.org/2001/XMLSchema-instance" xsi:noNamespaceSchemaLocation="https://maven.apache.org/surefire/maven-surefire-plugin/xsd/surefire-test-report.xsd" name="com.wpalermo.socioTorcedor.SocioTorcedorControllerTest" time="5.899" tests="2" errors="0" skipped="0" failures="0">
  <properties>
[...]
</properties>
  <testcase name="testGet" classname="com.wpalermo.socioTorcedor.SocioTorcedorControllerTest" time="0.515"/>
  <testcase name="testPost" classname="com.wpalermo.socioTorcedor.SocioTorcedorControllerTest" time="0.051"/>
</testsuite>